hola

Training...

Testing...

Total encerts = 885


Goodbye! (10.409199 sec)


 Performance counter stats for './exec':

         10.405,63 msec task-clock:u                     #    0,997 CPUs utilized             
                 0      context-switches:u               #    0,000 /sec                      
                 0      cpu-migrations:u                 #    0,000 /sec                      
             1.074      page-faults:u                    #  103,213 /sec                      
    26.747.325.212      cycles:u                         #    2,570 GHz                         (50,00%)
     2.741.297.859      stalled-cycles-frontend:u        #   10,25% frontend cycles idle        (50,00%)
     9.008.372.738      stalled-cycles-backend:u         #   33,68% backend cycles idle         (50,00%)
    41.783.133.732      instructions:u                   #    1,56  insn per cycle            
                                                  #    0,22  stalled cycles per insn     (50,00%)
     6.259.674.797      branches:u                       #  601,566 M/sec                       (50,00%)
        10.130.755      branch-misses:u                  #    0,16% of all branches             (50,00%)

      10,431720451 seconds time elapsed

      10,293307000 seconds user
       0,004943000 seconds sys


